{ level: 'error', timestamp: '2025-10-13T08:01:30.781Z' }
{ level: 'error', timestamp: '2025-10-16T07:14:12.507Z' }
{ level: 'error', timestamp: '2025-10-16T07:25:17.284Z' }
{
  message: 'getaddrinfo EAI_AGAIN mongodb',
  errorLabelSet: Set(0) {},
  reason: TopologyDescription {
    type: 'Unknown',
    servers: Map(1) {
      'mongodb:27017' => ServerDescription {
        address: 'mongodb:27017',
        type: 'Unknown',
        hosts: [],
        passives: [],
        arbiters: [],
        tags: {},
        minWireVersion: 0,
        maxWireVersion: 0,
        roundTripTime: -1,
        minRoundTripTime: 0,
        lastUpdateTime: 1445844866,
        lastWriteDate: 0,
        error: MongoNetworkError: getaddrinfo EAI_AGAIN mongodb
            at Socket.<anonymous> (/root/Projects/TrueD8/backend/node_modules/mongodb/src/cmap/connect.ts:395:16)
            at Object.onceWrapper (node:events:634:26)
            at Socket.emit (node:events:519:28)
            at emitErrorNT (node:internal/streams/destroy:170:8)
            at emitErrorCloseNT (node:internal/streams/destroy:129:3)
            at processTicksAndRejections (node:internal/process/task_queues:90:21) {
          errorLabelSet: Set(1) { 'ResetPool' },
          beforeHandshake: false,
          [cause]: Error: getaddrinfo EAI_AGAIN mongodb
              at GetAddrInfoReqWrap.onlookupall [as oncomplete] (node:dns:122:26) {
            errno: -3001,
            code: 'EAI_AGAIN',
            syscall: 'getaddrinfo',
            hostname: 'mongodb'
          }
        },
        topologyVersion: null,
        setName: null,
        setVersion: null,
        electionId: null,
        logicalSessionTimeoutMinutes: null,
        maxMessageSizeBytes: null,
        maxWriteBatchSize: null,
        maxBsonObjectSize: null,
        primary: null,
        me: null,
        '$clusterTime': null,
        iscryptd: false
      }
    },
    stale: false,
    compatible: true,
    heartbeatFrequencyMS: 10000,
    localThresholdMS: 15,
    setName: null,
    maxElectionId: null,
    maxSetVersion: null,
    commonWireVersion: 0,
    logicalSessionTimeoutMinutes: null
  },
  code: undefined,
  cause: TopologyDescription {
    type: 'Unknown',
    servers: Map(1) {
      'mongodb:27017' => ServerDescription {
        address: 'mongodb:27017',
        type: 'Unknown',
        hosts: [],
        passives: [],
        arbiters: [],
        tags: {},
        minWireVersion: 0,
        maxWireVersion: 0,
        roundTripTime: -1,
        minRoundTripTime: 0,
        lastUpdateTime: 1445844866,
        lastWriteDate: 0,
        error: MongoNetworkError: getaddrinfo EAI_AGAIN mongodb
            at Socket.<anonymous> (/root/Projects/TrueD8/backend/node_modules/mongodb/src/cmap/connect.ts:395:16)
            at Object.onceWrapper (node:events:634:26)
            at Socket.emit (node:events:519:28)
            at emitErrorNT (node:internal/streams/destroy:170:8)
            at emitErrorCloseNT (node:internal/streams/destroy:129:3)
            at processTicksAndRejections (node:internal/process/task_queues:90:21) {
          errorLabelSet: Set(1) { 'ResetPool' },
          beforeHandshake: false,
          [cause]: Error: getaddrinfo EAI_AGAIN mongodb
              at GetAddrInfoReqWrap.onlookupall [as oncomplete] (node:dns:122:26) {
            errno: -3001,
            code: 'EAI_AGAIN',
            syscall: 'getaddrinfo',
            hostname: 'mongodb'
          }
        },
        topologyVersion: null,
        setName: null,
        setVersion: null,
        electionId: null,
        logicalSessionTimeoutMinutes: null,
        maxMessageSizeBytes: null,
        maxWriteBatchSize: null,
        maxBsonObjectSize: null,
        primary: null,
        me: null,
        '$clusterTime': null,
        iscryptd: false
      }
    },
    stale: false,
    compatible: true,
    heartbeatFrequencyMS: 10000,
    localThresholdMS: 15,
    setName: null,
    maxElectionId: null,
    maxSetVersion: null,
    commonWireVersion: 0,
    logicalSessionTimeoutMinutes: null
  },
  level: 'error',
  timestamp: '2025-10-16T07:26:55.322Z'
}
{
  message: 'MongoServerSelectionError: getaddrinfo EAI_AGAIN mongodb\n' +
    '    at Topology.selectServer (/root/Projects/TrueD8/backend/node_modules/mongodb/src/sdam/topology.ts:635:30)\n' +
    '    at runNextTicks (node:internal/process/task_queues:65:5)\n' +
    '    at listOnTimeout (node:internal/timers:549:9)\n' +
    '    at processTimers (node:internal/timers:523:7)\n' +
    '    at Topology._connect (/root/Projects/TrueD8/backend/node_modules/mongodb/src/sdam/topology.ts:467:22)\n' +
    '    at Topology.connect (/root/Projects/TrueD8/backend/node_modules/mongodb/src/sdam/topology.ts:404:7)\n' +
    '    at topologyConnect (/root/Projects/TrueD8/backend/node_modules/mongodb/src/mongo_client.ts:695:9)\n' +
    '    at MongoClient._connect (/root/Projects/TrueD8/backend/node_modules/mongodb/src/mongo_client.ts:707:7)\n' +
    '    at MongoClient.connect (/root/Projects/TrueD8/backend/node_modules/mongodb/src/mongo_client.ts:619:7)\n' +
    '    at Function.connect (/root/Projects/TrueD8/backend/node_modules/mongodb/src/mongo_client.ts:891:12)',
  level: 'error',
  timestamp: '2025-10-16T07:30:14.078Z'
}
{
  errorLabelSet: Set(2) { 'HandshakeError', 'ResetPool' },
  errorResponse: {
    ok: 0,
    errmsg: 'Authentication failed.',
    code: 18,
    codeName: 'AuthenticationFailed'
  },
  ok: 0,
  code: 18,
  codeName: 'AuthenticationFailed',
  connectionGeneration: 0,
  level: 'error',
  timestamp: '2025-10-16T07:35:55.889Z'
}
{
  message: 'TypeError: fetch is not a function\n' +
    '    at /root/Projects/TrueD8/backend/src/routes/auth.ts:704:22\n' +
    '    at processTicksAndRejections (node:internal/process/task_queues:105:5)',
  level: 'error',
  timestamp: '2025-10-16T15:09:58.900Z'
}
{
  success: false,
  data: SiweMessage {
    scheme: undefined,
    domain: '127.0.0.1:3000',
    address: '0x74859dBd2A5E1531De2F946EB6A630a4A6CB9eAA',
    statement: 'Sign in with Ethereum to TrueD8',
    uri: 'http://127.0.0.1:3000',
    version: '1',
    nonce: 'VEqbfLx8goOcDSHXj',
    issuedAt: '2025-10-19T23:39:46.852Z',
    expirationTime: '2025-10-19T23:44:46.852Z',
    notBefore: undefined,
    requestId: undefined,
    chainId: 1,
    resources: undefined
  },
  error: SiweError {
    type: 'Signature does not match address of the message.',
    expected: undefined,
    received: 'Resolved address to be 0x74859dBd2A5E1531De2F946EB6A630a4A6CB9eAA'
  },
  level: 'error',
  message: 'SIWE validation failed',
  timestamp: '2025-10-19T23:39:47.347Z'
}
{
  success: false,
  data: SiweMessage {
    scheme: undefined,
    domain: '127.0.0.1:3000',
    address: '0x74859dBd2A5E1531De2F946EB6A630a4A6CB9eAA',
    statement: 'Sign in with Ethereum to TrueD8',
    uri: 'http://127.0.0.1:3000',
    version: '1',
    nonce: 'GLkEYSDyfgkU50Hse',
    issuedAt: '2025-10-19T23:39:51.367Z',
    expirationTime: '2025-10-19T23:44:51.367Z',
    notBefore: undefined,
    requestId: undefined,
    chainId: 1,
    resources: undefined
  },
  error: SiweError {
    type: 'Signature does not match address of the message.',
    expected: undefined,
    received: 'Resolved address to be 0x74859dBd2A5E1531De2F946EB6A630a4A6CB9eAA'
  },
  level: 'error',
  message: 'SIWE validation failed',
  timestamp: '2025-10-19T23:39:51.608Z'
}
{
  success: false,
  data: SiweMessage {
    scheme: undefined,
    domain: '127.0.0.1:3000',
    address: '0x74859dBd2A5E1531De2F946EB6A630a4A6CB9eAA',
    statement: 'Sign in with Ethereum to TrueD8',
    uri: 'http://127.0.0.1:3000',
    version: '1',
    nonce: '4vFqt5cRJbrFvYkiE',
    issuedAt: '2025-10-19T23:40:31.988Z',
    expirationTime: '2025-10-19T23:45:31.988Z',
    notBefore: undefined,
    requestId: undefined,
    chainId: 1,
    resources: undefined
  },
  error: SiweError {
    type: 'Signature does not match address of the message.',
    expected: undefined,
    received: 'Resolved address to be 0x74859dBd2A5E1531De2F946EB6A630a4A6CB9eAA'
  },
  level: 'error',
  message: 'SIWE validation failed',
  timestamp: '2025-10-19T23:40:32.831Z'
}
{
  success: false,
  data: SiweMessage {
    scheme: undefined,
    domain: '127.0.0.1:3000',
    address: '0x74859dBd2A5E1531De2F946EB6A630a4A6CB9eAA',
    statement: 'Sign in with Ethereum to TrueD8',
    uri: 'http://127.0.0.1:3000',
    version: '1',
    nonce: 'nP6rRzZc04ksAw5Yh',
    issuedAt: '2025-10-19T23:40:59.290Z',
    expirationTime: '2025-10-19T23:45:59.290Z',
    notBefore: undefined,
    requestId: undefined,
    chainId: 1,
    resources: undefined
  },
  error: SiweError {
    type: 'Signature does not match address of the message.',
    expected: undefined,
    received: 'Resolved address to be 0x74859dBd2A5E1531De2F946EB6A630a4A6CB9eAA'
  },
  level: 'error',
  message: 'SIWE validation failed',
  timestamp: '2025-10-19T23:40:59.481Z'
}
{
  message: "Error: ENOENT: no such file or directory, open 'images/temp/68f577b69b0d9ac718661dd0.png'",
  level: 'error',
  timestamp: '2025-10-19T23:43:50.684Z'
}
{
  message: "Error: ENOENT: no such file or directory, open 'images/temp/68f579629b0d9ac718661dd1.png'",
  level: 'error',
  timestamp: '2025-10-19T23:50:58.072Z'
}
